This is pdfTeX, Version 3.14159265-2.6-1.40.21 (MiKTeX 20.6.29) (preloaded format=pdflatex 2020.10.11)  7 FEB 2021 18:13
entering extended mode
**C:/Users/Lenovo/AppData/Local/Temp/RtmpO2BAu7/Rd2pdf25b86b645277/Rd2.tex
(C:/Users/Lenovo/AppData/Local/Temp/RtmpO2BAu7/Rd2pdf25b86b645277/Rd2.tex
LaTeX2e <2020-02-02> patch level 5
L3 programming layer <2020-06-18>
("d:\Program Files\MiKTeX\tex/latex/base\book.cls"
Document Class: book 2019/12/20 v1.4l Standard LaTeX document class
("d:\Program Files\MiKTeX\tex/latex/base\bk10.clo"
File: bk10.clo 2019/12/20 v1.4l Standard LaTeX file (size option)
)
\c@part=\count167
\c@chapter=\count168
\c@section=\count169
\c@subsection=\count170
\c@subsubsection=\count171
\c@paragraph=\count172
\c@subparagraph=\count173
\c@figure=\count174
\c@table=\count175
\abovecaptionskip=\skip47
\belowcaptionskip=\skip48
\bibindent=\dimen134
)
("D:/Program Files/R/R-4.0.2/share/texmf/tex/latex\Rd.sty"
Package: Rd 

("d:\Program Files\MiKTeX\tex/latex/base\ifthen.sty"
Package: ifthen 2014/09/29 v1.1c Standard LaTeX ifthen package (DPC)
)
("d:\Program Files\MiKTeX\tex/latex/tools\longtable.sty"
Package: longtable 2020/01/07 v4.13 Multi-page Table package (DPC)
\LTleft=\skip49
\LTright=\skip50
\LTpre=\skip51
\LTpost=\skip52
\LTchunksize=\count176
\LTcapwidth=\dimen135
\LT@head=\box45
\LT@firsthead=\box46
\LT@foot=\box47
\LT@lastfoot=\box48
\LT@cols=\count177
\LT@rows=\count178
\c@LT@tables=\count179
\c@LT@chunks=\count180
\LT@p@ftn=\toks15
)
("d:\Program Files\MiKTeX\tex/latex/tools\bm.sty"
Package: bm 2019/07/24 v1.2d Bold Symbol Support (DPC/FMi)
\symboldoperators=\mathgroup4
\symboldletters=\mathgroup5
\symboldsymbols=\mathgroup6
LaTeX Font Info:    Redeclaring math alphabet \mathbf on input line 141.
LaTeX Info: Redefining \bm on input line 209.
)
("d:\Program Files\MiKTeX\tex/latex/base\alltt.sty"
Package: alltt 1997/06/16 v2.0g defines alltt environment
)
("d:\Program Files\MiKTeX\tex/latex/tools\verbatim.sty"
Package: verbatim 2019/11/10 v1.5r LaTeX2e package for verbatim enhancements
\every@verbatim=\toks16
\verbatim@line=\toks17
\verbatim@in@stream=\read2
)
("d:\Program Files\MiKTeX\tex/latex/url\url.sty"
\Urlmuskip=\muskip16
Package: url 2013/09/16  ver 3.4  Verb mode for urls, etc.
)
("d:\Program Files\MiKTeX\tex/latex/base\textcomp.sty"
Package: textcomp 2020/02/02 v2.0n Standard LaTeX package
)
\ldescriptionwidth=\skip53

("d:\Program Files\MiKTeX\tex/latex/base\fontenc.sty"
Package: fontenc 2020/02/11 v2.0o Standard LaTeX package
)
("d:\Program Files\MiKTeX\tex/latex/psnfss\times.sty"
Package: times 2020/03/25 PSNFSS-v9.3 (SPQR) 
)
("d:\Program Files\MiKTeX\tex/latex/inconsolata\zi4.sty"
Package: zi4 2019/05/17 v1.12

`inconsolata-zi4' v1.12, 2019/05/17 Text macros for Inconsolata (msharpe)
("d:\Program Files\MiKTeX\tex/latex/xkeyval\xkeyval.sty"
Package: xkeyval 2014/12/03 v2.7a package option processing (HA)

("d:\Program Files\MiKTeX\tex/generic/xkeyval\xkeyval.tex"
("d:\Program Files\MiKTeX\tex/generic/xkeyval\xkvutils.tex"
\XKV@toks=\toks18
\XKV@tempa@toks=\toks19

("d:\Program Files\MiKTeX\tex/generic/xkeyval\keyval.tex"))
\XKV@depth=\count181
File: xkeyval.tex 2014/12/03 v2.7a key=value parser (HA)
))
\zifour@ocount=\count182
)
("d:\Program Files\MiKTeX\tex/latex/graphics\color.sty"
Package: color 2019/11/23 v1.2a Standard LaTeX Color (DPC)

("d:\Program Files\MiKTeX\tex/latex/graphics-cfg\color.cfg"
File: color.cfg 2016/01/02 v1.6 sample color configuration
)
Package color Info: Driver file: pdftex.def on input line 147.

("d:\Program Files\MiKTeX\tex/latex/graphics-def\pdftex.def"
File: pdftex.def 2018/01/08 v1.0l Graphics/color driver for pdftex
))
("d:\Program Files\MiKTeX\tex/latex/hyperref\hyperref.sty"
Package: hyperref 2020-05-15 v7.00e Hypertext links for LaTeX

("d:\Program Files\MiKTeX\tex/generic/ltxcmds\ltxcmds.sty"
Package: ltxcmds 2020-05-10 v1.25 LaTeX kernel commands for general use (HO)
)
("d:\Program Files\MiKTeX\tex/generic/iftex\iftex.sty"
Package: iftex 2020/03/06 v1.0d TeX engine tests
)
("d:\Program Files\MiKTeX\tex/generic/pdftexcmds\pdftexcmds.sty"
Package: pdftexcmds 2020-06-27 v0.33 Utility functions of pdfTeX for LuaTeX (HO
)

("d:\Program Files\MiKTeX\tex/generic/infwarerr\infwarerr.sty"
Package: infwarerr 2019/12/03 v1.5 Providing info/warning/error messages (HO)
)
Package pdftexcmds Info: \pdf@primitive is available.
Package pdftexcmds Info: \pdf@ifprimitive is available.
Package pdftexcmds Info: \pdfdraftmode found.
)
("d:\Program Files\MiKTeX\tex/generic/kvsetkeys\kvsetkeys.sty"
Package: kvsetkeys 2019/12/15 v1.18 Key value parser (HO)
)
("d:\Program Files\MiKTeX\tex/generic/kvdefinekeys\kvdefinekeys.sty"
Package: kvdefinekeys 2019-12-19 v1.6 Define keys (HO)
)
("d:\Program Files\MiKTeX\tex/generic/pdfescape\pdfescape.sty"
Package: pdfescape 2019/12/09 v1.15 Implements pdfTeX's escape features (HO)
)
("d:\Program Files\MiKTeX\tex/latex/hycolor\hycolor.sty"
Package: hycolor 2020-01-27 v1.10 Color options for hyperref/bookmark (HO)
)
("d:\Program Files\MiKTeX\tex/latex/letltxmacro\letltxmacro.sty"
Package: letltxmacro 2019/12/03 v1.6 Let assignment for LaTeX macros (HO)
)
("d:\Program Files\MiKTeX\tex/latex/auxhook\auxhook.sty"
Package: auxhook 2019-12-17 v1.6 Hooks for auxiliary files (HO)
)
("d:\Program Files\MiKTeX\tex/latex/kvoptions\kvoptions.sty"
Package: kvoptions 2019/11/29 v3.13 Key value format for package options (HO)
)
\@linkdim=\dimen136
\Hy@linkcounter=\count183
\Hy@pagecounter=\count184

("d:\Program Files\MiKTeX\tex/latex/hyperref\pd1enc.def"
File: pd1enc.def 2020-05-15 v7.00e Hyperref: PDFDocEncoding definition (HO)
Now handling font encoding PD1 ...
... no UTF-8 mapping file for font encoding PD1
)
("d:\Program Files\MiKTeX\tex/generic/intcalc\intcalc.sty"
Package: intcalc 2019/12/15 v1.3 Expandable calculations with integers (HO)
)
("d:\Program Files\MiKTeX\tex/generic/etexcmds\etexcmds.sty"
Package: etexcmds 2019/12/15 v1.7 Avoid name clashes with e-TeX commands (HO)
)
\Hy@SavedSpaceFactor=\count185
Package hyperref Info: Hyper figures OFF on input line 4464.
Package hyperref Info: Link nesting OFF on input line 4469.
Package hyperref Info: Hyper index ON on input line 4472.
Package hyperref Info: Plain pages OFF on input line 4479.
Package hyperref Info: Backreferencing OFF on input line 4484.
Package hyperref Info: Implicit mode ON; LaTeX internals redefined.
Package hyperref Info: Bookmarks ON on input line 4717.
\c@Hy@tempcnt=\count186
LaTeX Info: Redefining \url on input line 5076.
\XeTeXLinkMargin=\dimen137

("d:\Program Files\MiKTeX\tex/generic/bitset\bitset.sty"
Package: bitset 2019/12/09 v1.3 Handle bit-vector datatype (HO)

("d:\Program Files\MiKTeX\tex/generic/bigintcalc\bigintcalc.sty"
Package: bigintcalc 2019/12/15 v1.5 Expandable calculations on big integers (HO
)
))
\Fld@menulength=\count187
\Field@Width=\dimen138
\Fld@charsize=\dimen139
Package hyperref Info: Hyper figures OFF on input line 6347.
Package hyperref Info: Link nesting OFF on input line 6352.
Package hyperref Info: Hyper index ON on input line 6355.
Package hyperref Info: backreferencing OFF on input line 6362.
Package hyperref Info: Link coloring OFF on input line 6367.
Package hyperref Info: Link coloring with OCG OFF on input line 6372.
Package hyperref Info: PDF/A mode OFF on input line 6377.
LaTeX Info: Redefining \ref on input line 6417.
LaTeX Info: Redefining \pageref on input line 6421.

("d:\Program Files\MiKTeX\tex/generic/atbegshi\atbegshi.sty"
Package: atbegshi 2019/12/05 v1.19 At begin shipout hook (HO)
)
\Hy@abspage=\count188
\c@Item=\count189
\c@Hfootnote=\count190
)
Package hyperref Info: Driver (autodetected): hpdftex.

("d:\Program Files\MiKTeX\tex/latex/hyperref\hpdftex.def"
File: hpdftex.def 2020-05-15 v7.00e Hyperref driver for pdfTeX

("d:\Program Files\MiKTeX\tex/latex/atveryend\atveryend.sty"
Package: atveryend 2019-12-11 v1.11 Hooks at the very end of document (HO)
Package atveryend Info: \enddocument detected (standard20110627).
)
\Fld@listcount=\count191
\c@bookmark@seq@number=\count192

("d:\Program Files\MiKTeX\tex/latex/rerunfilecheck\rerunfilecheck.sty"
Package: rerunfilecheck 2019/12/05 v1.9 Rerun checks for auxiliary files (HO)

("d:\Program Files\MiKTeX\tex/generic/uniquecounter\uniquecounter.sty"
Package: uniquecounter 2019/12/15 v1.4 Provide unlimited unique counter (HO)
)
Package uniquecounter Info: New unique counter `rerunfilecheck' on input line 2
86.
)
\Hy@SectionHShift=\skip54
)

Package hyperref Warning: Option `hyperindex' has already been used,
(hyperref)                setting the option has no effect on input line 377.

Package hyperref Info: Option `colorlinks' set `true' on input line 377.

Package hyperref Warning: Option `pagebackref' has already been used,
(hyperref)                setting the option has no effect on input line 377.

Package hyperref Info: Option `linktocpage' set `true' on input line 377.
Package hyperref Info: Option `plainpages' set `false' on input line 377.
) ("d:\Program Files\MiKTeX\tex/latex/base\makeidx.sty"
Package: makeidx 2014/09/29 v1.0m Standard LaTeX package
)
("d:\Program Files\MiKTeX\tex/latex/base\inputenc.sty"
Package: inputenc 2018/08/11 v1.3c Input encoding file
\inpenc@prehook=\toks20
\inpenc@posthook=\toks21

("d:\Program Files\MiKTeX\tex/latex/base\latin1.def"
File: latin1.def 2018/08/11 v1.3c Input encoding file
))
\@indexfile=\write3
\openout3 = `Rd2.idx'.


Writing index file Rd2.idx
("d:\Program Files\MiKTeX\tex/latex/l3backend\l3backend-pdfmode.def"
File: l3backend-pdfmode.def 2020-06-29 L3 backend support: PDF mode
\l__kernel_color_stack_int=\count193
\l__pdf_internal_box=\box49
) (Rd2.aux)
\openout1 = `Rd2.aux'.

LaTeX Font Info:    Checking defaults for OML/cmm/m/it on input line 8.
LaTeX Font Info:    ... okay on input line 8.
LaTeX Font Info:    Checking defaults for OMS/cmsy/m/n on input line 8.
LaTeX Font Info:    ... okay on input line 8.
LaTeX Font Info:    Checking defaults for OT1/cmr/m/n on input line 8.
LaTeX Font Info:    ... okay on input line 8.
LaTeX Font Info:    Checking defaults for T1/cmr/m/n on input line 8.
LaTeX Font Info:    ... okay on input line 8.
LaTeX Font Info:    Checking defaults for TS1/cmr/m/n on input line 8.
LaTeX Font Info:    ... okay on input line 8.
LaTeX Font Info:    Checking defaults for OMX/cmex/m/n on input line 8.
LaTeX Font Info:    ... okay on input line 8.
LaTeX Font Info:    Checking defaults for U/cmr/m/n on input line 8.
LaTeX Font Info:    ... okay on input line 8.
LaTeX Font Info:    Checking defaults for PD1/pdf/m/n on input line 8.
LaTeX Font Info:    ... okay on input line 8.
LaTeX Font Info:    Trying to load font information for T1+ptm on input line 8.

("d:\Program Files\MiKTeX\tex/latex/psnfss\t1ptm.fd"
File: t1ptm.fd 2001/06/04 font definitions for T1/ptm.
)
("d:\Program Files\MiKTeX\tex/context/base/mkii\supp-pdf.mkii"
[Loading MPS to PDF converter (version 2006.09.02).]
\scratchcounter=\count194
\scratchdimen=\dimen140
\scratchbox=\box50
\nofMPsegments=\count195
\nofMParguments=\count196
\everyMPshowfont=\toks22
\MPscratchCnt=\count197
\MPscratchDim=\dimen141
\MPnumerator=\count198
\makeMPintoPDFobject=\count199
\everyMPtoPDFconversion=\toks23
)
\AtBeginShipoutBox=\box51
Package hyperref Info: Link coloring ON on input line 8.
 ("d:\Program Files\MiKTeX\tex/latex/hyperref\nameref.sty"
Package: nameref 2019/09/16 v2.46 Cross-referencing by name of section

("d:\Program Files\MiKTeX\tex/latex/refcount\refcount.sty"
Package: refcount 2019/12/15 v3.6 Data extraction from label references (HO)
)
("d:\Program Files\MiKTeX\tex/generic/gettitlestring\gettitlestring.sty"
Package: gettitlestring 2019/12/15 v1.6 Cleanup title references (HO)
)
\c@section@level=\count266
)
LaTeX Info: Redefining \ref on input line 8.
LaTeX Info: Redefining \pageref on input line 8.
LaTeX Info: Redefining \nameref on input line 8.

(Rd2.out) (Rd2.out)
\@outlinefile=\write4
\openout4 = `Rd2.out'.

LaTeX Font Info:    Trying to load font information for TS1+ptm on input line 2
5.
 ("d:\Program Files\MiKTeX\tex/latex/psnfss\ts1ptm.fd"
File: ts1ptm.fd 2001/06/04 font definitions for TS1/ptm.
)
LaTeX Font Info:    Trying to load font information for T1+zi4 on input line 27
.

("d:\Program Files\MiKTeX\tex/latex/inconsolata\t1zi4.fd"
File: t1zi4.fd 2018/01/14 T1/zi4 (Inconsolata)
)
LaTeX Font Info:    Font shape `T1/zi4/m/n' will be
(Font)              scaled to size 10.0pt on input line 27.
LaTeX Font Info:    External font `cmex10' loaded for size
(Font)              <7> on input line 30.
LaTeX Font Info:    External font `cmex10' loaded for size
(Font)              <5> on input line 30.
LaTeX Font Info:    Trying to load font information for T1+phv on input line 35
.

("d:\Program Files\MiKTeX\tex/latex/psnfss\t1phv.fd"
File: t1phv.fd 2020/03/25 scalable font definitions for T1/phv.
) (Rd2.toc [1


{C:/Users/Lenovo/AppData/Local/MiKTeX/pdftex/config/pdftex.map}] [2])
\tf@toc=\write5
\openout5 = `Rd2.toc'.


("d:\Program Files\MiKTeX\tex/latex/base\utf8.def"
File: utf8.def 2019/11/14 v1.2k UTF-8 support for inputenc
)
Overfull \hbox (25.73622pt too wide) in paragraph at lines 42--50
[]\T1/ptm/m/n/10 In GW-model, we in-tro-duce tech-niques from a par-tic-u-lar b
ranch of spa-tial statis-tics, termed geographically-
 []


Overfull \hbox (11.85715pt too wide) in paragraph at lines 77--78
[]\T1/ptm/m/n/10 Binbin Lu, Paul Har-ris, Mar-tin Charl-ton, Chris Bruns-don, T
omoki Nakaya, Daisuke Mu-rakami,Isabella
 []

[3]
Overfull \hbox (4.02675pt too wide) in paragraph at lines 112--113
[]\T1/ptm/m/n/10 a Spa-tial*DataFrame, i.e. Spa-tial-Points-DataFrame or Spa-ti
alPoly-gons-DataFrame
 []

[4]
Overfull \hbox (4.02675pt too wide) in paragraph at lines 174--175
[]\T1/ptm/m/n/10 a Spa-tial*DataFrame, i.e. Spa-tial-Points-DataFrame or Spa-ti
alPoly-gons-DataFrame
 []

[5]
Overfull \hbox (2.27531pt too wide) in paragraph at lines 237--238
[]\T1/ptm/m/n/10 A func-tion for au-to-matic band-width se-lec-tion for GW Dis-
crim-i-nant Anal-y-sis us-ing a cross-validation
 []

[6] [7]
Overfull \hbox (4.02675pt too wide) in paragraph at lines 311--312
[]\T1/ptm/m/n/10 a Spa-tial*DataFrame, i.e. Spa-tial-Points-DataFrame or Spa-ti
alPoly-gons-DataFrame
 []

[8]
Overfull \hbox (4.02675pt too wide) in paragraph at lines 385--386
[]\T1/ptm/m/n/10 a Spa-tial*DataFrame, i.e. Spa-tial-Points-DataFrame or Spa-ti
alPoly-gons-DataFrame
 []

[9]
Overfull \hbox (4.02675pt too wide) in paragraph at lines 454--455
[]\T1/ptm/m/n/10 a Spa-tial*DataFrame, i.e. Spa-tial-Points-DataFrame or Spa-ti
alPoly-gons-DataFrame
 []

[10] [11]
Overfull \hbox (4.02675pt too wide) in paragraph at lines 526--527
[]\T1/ptm/m/n/10 a Spa-tial*DataFrame, i.e. Spa-tial-Points-DataFrame or Spa-ti
alPoly-gons-DataFrame
 []

[12]
LaTeX Font Info:    Font shape `T1/zi4/m/n' will be
(Font)              scaled to size 9.0pt on input line 606.
 [13] [14] [15]
LaTeX Font Info:    Trying to load font information for TS1+zi4 on input line 8
02.
 ("d:\Program Files\MiKTeX\tex/latex/inconsolata\ts1zi4.fd"
File: ts1zi4.fd 2018/01/14 TS1/zi4 (Inconsolata)
)
LaTeX Font Info:    Font shape `TS1/zi4/m/n' will be
(Font)              scaled to size 10.0pt on input line 802.
[16]
Overfull \hbox (4.02675pt too wide) in paragraph at lines 811--812
[]\T1/ptm/m/n/10 a Spa-tial*DataFrame, i.e. Spa-tial-Points-DataFrame or Spa-ti
alPoly-gons-DataFrame
 []


Overfull \hbox (3.43834pt too wide) in paragraph at lines 813--814
[]\T1/ptm/m/n/10 bandwidth used in the weight-ing func-tion, pos-si-bly cal-cu-
lated by bw.ggwr();fixed
 []

[17]
Overfull \hbox (4.51802pt too wide) in paragraph at lines 868--870
[]\T1/ptm/m/n/10 Nakaya, T., M. Charl-ton, S. Fother-ing-ham & C. Bruns-don. 20
09. How to use SG-WR-WIN (GWR4.0).
 []

[18] [19] [20]
Overfull \hbox (4.02675pt too wide) in paragraph at lines 1025--1026
[]\T1/ptm/m/n/10 a Spa-tial*DataFrame, i.e. Spa-tial-Points-DataFrame or Spa-ti
alPoly-gons-DataFrame
 []


Overfull \hbox (1.2586pt too wide) in paragraph at lines 1029--1030
\T1/ptm/m/n/10 by [][]bw.gwr[][][];fixed (dis-tance) or adap-tive band-width(nu
mber of near-est neigh-bours) 
 []

[21] [22] [23]
Overfull \hbox (4.02675pt too wide) in paragraph at lines 1178--1179
[]\T1/ptm/m/n/10 a Spa-tial*DataFrame, i.e. Spa-tial-Points-DataFrame or Spa-ti
alPoly-gons-DataFrame
 []

[24] [25]
Overfull \hbox (2.32835pt too wide) in paragraph at lines 1312--1313
[]\T1/ptm/m/n/10 bandwidth used in the weight-ing func-tion, pos-si-bly cal-cu-
lated by [][]bw.gwpca[][][];fixed
 []

[26] [27]
Overfull \hbox (4.02675pt too wide) in paragraph at lines 1381--1382
[]\T1/ptm/m/n/10 a Spa-tial*DataFrame, i.e. Spa-tial-Points-DataFrame or Spa-ti
alPoly-gons-DataFrame
 []


Overfull \hbox (2.32835pt too wide) in paragraph at lines 1400--1401
[]\T1/ptm/m/n/10 bandwidth used in the weight-ing func-tion, pos-si-bly cal-cu-
lated by [][]bw.gwpca[][][];fixed
 []

[28] [29] [30] [31] [32]
Overfull \hbox (13.68764pt too wide) in paragraph at lines 1690--1692
[]\T1/ptm/m/n/10 The func-tion ``glyph.plot'' (in the early ver-sions of GW-mod
el) has been re-named as ``gw-pca.glyph.plot'',
 []

[33]
Overfull \hbox (21.41006pt too wide) in paragraph at lines 1714--1714
 []\T1/zi4/m/n/10 gwpca.montecarlo.1(data, bw, vars, k = 2, nsims=99,robust = F
ALSE, kernel = "bisquare", 
 []


Overfull \hbox (4.02675pt too wide) in paragraph at lines 1723--1724
[]\T1/ptm/m/n/10 a Spa-tial*DataFrame, i.e. Spa-tial-Points-DataFrame or Spa-ti
alPoly-gons-DataFrame
 []


Overfull \hbox (2.32835pt too wide) in paragraph at lines 1724--1725
[]\T1/ptm/m/n/10 bandwidth used in the weight-ing func-tion, pos-si-bly cal-cu-
lated by [][]bw.gwpca[][][];fixed
 []

[34]
Overfull \hbox (3.08014pt too wide) in paragraph at lines 1801--1801
 []\T1/zi4/m/n/10 gwpca.montecarlo.2(data, vars, k = 2, nsims=99,robust = FALSE
, kernel = "bisquare", 
 []


Overfull \hbox (4.02675pt too wide) in paragraph at lines 1808--1809
[]\T1/ptm/m/n/10 a Spa-tial*DataFrame, i.e. Spa-tial-Points-DataFrame or Spa-ti
alPoly-gons-DataFrame
 []

[35] [36]
Overfull \hbox (4.02675pt too wide) in paragraph at lines 1902--1903
[]\T1/ptm/m/n/10 a Spa-tial*DataFrame, i.e. Spa-tial-Points-DataFrame or Spa-ti
alPoly-gons-DataFrame
 []

[37] [38]
Overfull \hbox (4.81665pt too wide) in paragraph at lines 1981--1983
[]\T1/ptm/m/n/10 Brunsdon, C, Fother-ing-ham, S, Charl-ton, M (1996), Ge-o-grap
h-i-cally Weighted Re-gres-sion: A Method
 []

[39]
Overfull \hbox (23.24408pt too wide) in paragraph at lines 2072--2072
 []\T1/zi4/m/n/9 model.s <- gwr.model.selection(DeVar = "y", InDeVars = c("x1",
 "x2", "x3"), data = simulate.data,[] 
 []


Overfull \hbox (32.24408pt too wide) in paragraph at lines 2083--2083
 []\T1/zi4/m/n/9 model.omp <- gwr.model.selection(DeVar = "y", InDeVars = c("x1
", "x2", "x3"), data = simulate.data,[] 
 []


Overfull \hbox (36.74408pt too wide) in paragraph at lines 2094--2094
 []\T1/zi4/m/n/9 model.cuda <- gwr.model.selection(DeVar = "y", InDeVars = c("x
1", "x2", "x3"), data = simulate.data,[] 
 []


Underfull \vbox (badness 10000) has occurred while \output is active []

 [40]
Overfull \hbox (4.02675pt too wide) in paragraph at lines 2146--2147
[]\T1/ptm/m/n/10 a Spa-tial*DataFrame, i.e. Spa-tial-Points-DataFrame or Spa-ti
alPoly-gons-DataFrame
 []

[41] [42] [43]
Overfull \hbox (4.02675pt too wide) in paragraph at lines 2317--2318
[]\T1/ptm/m/n/10 a Spa-tial*DataFrame, i.e. Spa-tial-Points-DataFrame or Spa-ti
alPoly-gons-DataFrame
 []

[44]
Overfull \hbox (4.95634pt too wide) in paragraph at lines 2360--2362
[]\T1/ptm/m/n/10 Wheeler D (2007) Di-ag-nos-tic tools and a re-me-dial method f
or collinear-ity in ge-o-graph-i-cally weighted
 []

[45]
Overfull \hbox (5.63739pt too wide) in paragraph at lines 2408--2412
\T1/ptm/m/n/10 im-ple-mented via OpenMP, by `"clus-ter"` for multi-process ap-p
roach im-ple-mented
 []

[46]
Overfull \hbox (5.63739pt too wide) in paragraph at lines 2469--2473
\T1/ptm/m/n/10 im-ple-mented via OpenMP, by `"clus-ter"` for multi-process ap-p
roach im-ple-mented
 []

[47]
Overfull \hbox (4.02675pt too wide) in paragraph at lines 2509--2510
[]\T1/ptm/m/n/10 a Spa-tial*DataFrame, i.e. Spa-tial-Points-DataFrame or Spa-ti
alPoly-gons-DataFrame
 []

[48]
Overfull \hbox (4.02675pt too wide) in paragraph at lines 2582--2583
[]\T1/ptm/m/n/10 a Spa-tial*DataFrame, i.e. Spa-tial-Points-DataFrame or Spa-ti
alPoly-gons-DataFrame
 []

[49]
Overfull \hbox (4.95634pt too wide) in paragraph at lines 2635--2636
[]\T1/ptm/m/n/10 Wheeler D (2007) Di-ag-nos-tic tools and a re-me-dial method f
or collinear-ity in ge-o-graph-i-cally weighted
 []

[50] [51] [52] [53]
Overfull \hbox (39.76044pt too wide) in paragraph at lines 2820--2820
 []\T1/zi4/m/n/10 gwr.mink.approach(formula, data, criterion="AIC", bw, bw.sel.
approach = "AIC",adaptive=F, 
 []


Overfull \hbox (6.3794pt too wide) in paragraph at lines 2821--2821
 []              \T1/zi4/m/n/10 kernel="bisquare", p.vals=seq(from=0.25, to=8, 
length.out=32), p.inf = T,[] 
 []


Overfull \hbox (4.02675pt too wide) in paragraph at lines 2830--2831
[]\T1/ptm/m/n/10 a Spa-tial*DataFrame, i.e. Spa-tial-Points-DataFrame or Spa-ti
alPoly-gons-DataFrame
 []


Overfull \hbox (3.72702pt too wide) in paragraph at lines 2831--2832
[]\T1/ptm/m/n/10 the cri-te-rion used for dis-tance met-ric se-lec-tion, AICc (
"AICc") or cross-validation
 []

[54]
Overfull \hbox (40.32756pt too wide) in paragraph at lines 2864--2866
[]\T1/ptm/m/n/10 The func-tion ``mink.approach'' (in the early ver-sions of GW-
model) has been re-named as ``gwr.mink.approach'',
 []


Overfull \hbox (57.62675pt too wide) in paragraph at lines 2900--2902
[]\T1/ptm/m/n/10 The func-tion ``mink.matrixview'' (in the early ver-sions of G
W-model) has been re-named as ``gwr.mink.matrixview'',
 []

[55]
Overfull \hbox (4.02675pt too wide) in paragraph at lines 2943--2944
[]\T1/ptm/m/n/10 a Spa-tial*DataFrame, i.e. Spa-tial-Points-DataFrame or Spa-ti
alPoly-gons-DataFrame
 []


Overfull \hbox (3.72702pt too wide) in paragraph at lines 2944--2945
[]\T1/ptm/m/n/10 the cri-te-rion used for dis-tance met-ric se-lec-tion, AICc (
"AICc") or cross-validation
 []

[56] [57]
Overfull \hbox (4.02675pt too wide) in paragraph at lines 3019--3020
[]\T1/ptm/m/n/10 a Spa-tial*DataFrame, i.e. Spa-tial-Points-DataFrame or Spa-ti
alPoly-gons-DataFrame
 []

[58]
Overfull \hbox (3.11081pt too wide) in paragraph at lines 3108--3108
 []\T1/zi4/m/n/10 gwr.model.selection(DeVar=NULL,InDeVars=NULL, data=list(),bw=
NULL,approach="CV", 
 []

[59]
Overfull \hbox (4.02675pt too wide) in paragraph at lines 3118--3119
[]\T1/ptm/m/n/10 a Spa-tial*DataFrame, i.e. Spa-tial-Points-DataFrame or Spa-ti
alPoly-gons-DataFrame
 []


Overfull \hbox (5.63739pt too wide) in paragraph at lines 3138--3142
\T1/ptm/m/n/10 im-ple-mented via OpenMP, by `"clus-ter"` for multi-process ap-p
roach im-ple-mented
 []

[60]
Underfull \hbox (badness 10000) in paragraph at lines 3194--3194
[]\T1/ptm/m/it/10 Sort the re-sults of the GWR model se-lec-tion func-tion
 []

[61]
Overfull \hbox (23.95729pt too wide) in paragraph at lines 3220--3222
[]\T1/ptm/m/n/10 The func-tion ``model.sort.gwr'' (in the early ver-sions of GW
-model) has been re-named as ``gwr.model.sort'',
 []


Overfull \hbox (31.68752pt too wide) in paragraph at lines 3256--3258
[]\T1/ptm/m/n/10 The func-tion ``model.view.gwr'' (in the early ver-sions of GW
-model) has been re-named as ``gwr.model.view'',
 []

[62]
Overfull \hbox (1.43051pt too wide) in paragraph at lines 3296--3296
 []\T1/zi4/m/n/10 gwr.montecarlo(formula, data = list(),nsims=99, kernel="bisqu
are",adaptive=F, bw, 
 []


Overfull \hbox (4.02675pt too wide) in paragraph at lines 3304--3305
[]\T1/ptm/m/n/10 a Spa-tial*DataFrame, i.e. Spa-tial-Points-DataFrame or Spa-ti
alPoly-gons-DataFrame
 []


Overfull \hbox (28.93727pt too wide) in paragraph at lines 3334--3336
[]\T1/ptm/m/n/10 The func-tion ``mon-te-carlo.gwr'' (in the early ver-sions of 
GW-model) has been re-named as ``gwr.montecarlo'',
 []

[63] [64]
Overfull \hbox (4.02675pt too wide) in paragraph at lines 3400--3401
[]\T1/ptm/m/n/10 a Spa-tial*DataFrame, i.e. Spa-tial-Points-DataFrame or Spa-ti
alPoly-gons-DataFrame
 []

[65]
Overfull \hbox (5.97711pt too wide) in paragraph at lines 3428--3429
[]\T1/ptm/m/n/10 if TRUE the hat-ma-trix for the whole model will be cal-cu-lat
ed, and AICc, adjusted-
 []

[66]
Overfull \hbox (24.77475pt too wide) in paragraph at lines 3526--3526
 []\T1/zi4/m/n/9 res1<-gwr.multiscale(PURCHASE~FLOORSZ+PROF, data=londonhp, cri
terion="dCVR",kernel="gaussian",[] 
 []


Overfull \hbox (24.77475pt too wide) in paragraph at lines 3529--3529
 []\T1/zi4/m/n/9 res2<-gwr.multiscale(PURCHASE~FLOORSZ+PROF, data=londonhp, cri
terion="dCVR",kernel="gaussian",[] 
 []

[67]
Overfull \hbox (26.26862pt too wide) in paragraph at lines 3535--3535
 []\T1/zi4/m/n/9 res4<- gwr.multiscale(PURCHASE~FLOORSZ+PROF, data=londonhp, ke
rnel="gaussian", p.vals=c(1,2,3))[] 
 []


Overfull \hbox (6.43051pt too wide) in paragraph at lines 3554--3554
 []\T1/zi4/m/n/10 gwr.predict(formula, data, predictdata, bw, kernel="bisquare"
,adaptive=FALSE, p=2, 
 []


Overfull \hbox (4.02675pt too wide) in paragraph at lines 3565--3566
[]\T1/ptm/m/n/10 a Spa-tial*DataFrame, i.e. Spa-tial-Points-DataFrame or Spa-ti
alPoly-gons-DataFrame
 []

[68] [69]
Overfull \hbox (4.02675pt too wide) in paragraph at lines 3658--3659
[]\T1/ptm/m/n/10 a Spa-tial*DataFrame, i.e. Spa-tial-Points-DataFrame or Spa-ti
alPoly-gons-DataFrame
 []


Overfull \hbox (14.02736pt too wide) in paragraph at lines 3680--3681
[]\T1/ptm/m/n/10 default 2, first cut-off for the resid-ual weight-ing func-tio
n. wr(e)=1 if |e|<=cut1*sigma 
 []


Overfull \hbox (3.29794pt too wide) in paragraph at lines 3681--3682
[]\T1/ptm/m/n/10 default 3, sec-ond cut-off for the resid-ual weight-ing func-t
ion. wr(e)=(1-(|e|-2)^2)^2
 []

[70] [71]
Overfull \hbox (4.02675pt too wide) in paragraph at lines 3779--3780
[]\T1/ptm/m/n/10 a Spa-tial*DataFrame, i.e. Spa-tial-Points-DataFrame or Spa-ti
alPoly-gons-DataFrame
 []

[72]
Overfull \hbox (23.51697pt too wide) in paragraph at lines 3813--3815
\T1/ptm/m/n/10 al-go-rithm for large-scale ge-o-graph-i-cally weighted re-gres-
sion with poly-no-mial ker-nels. arXiv:1905.00266. 
 []


Overfull \hbox (20.21954pt too wide) in paragraph at lines 3824--3824
 []\T1/zi4/m/n/9 res <- gwr.scalable(formula = MEDV ~ CRIM + ZN + INDUS + CHAS 
+ AGE, data = boston, bw.adapt = 100)[] 
 []

[73]
Overfull \hbox (0.76636pt too wide) in paragraph at lines 3905--3907
\T1/ptm/m/n/10 quartile ranges and quan-tile im-bal-ances. This func-tion also 
cal-cu-lates ba-sic ge-o-graph-i-cally weighted
 []

[74]
Overfull \hbox (4.02675pt too wide) in paragraph at lines 3920--3921
[]\T1/ptm/m/n/10 a Spa-tial*DataFrame, i.e. Spa-tial-Points-DataFrame or Spa-ti
alPoly-gons-DataFrame
 []

[75]
LaTeX Font Info:    Font shape `TS1/zi4/m/n' will be
(Font)              scaled to size 9.0pt on input line 4005.
 [76]
Overfull \hbox (4.02675pt too wide) in paragraph at lines 4044--4045
[]\T1/ptm/m/n/10 a Spa-tial*DataFrame, i.e. Spa-tial-Points-DataFrame or Spa-ti
alPoly-gons-DataFrame
 []


Overfull \hbox (38.38686pt too wide) in paragraph at lines 4078--4080
[]\T1/ptm/m/n/10 The func-tion ``mon-te-carlo.gwss'' (in the early ver-sions of
 GW-model) has been re-named as ``gwss.montecarlo'',
 []

[77] [78] [79] (Rd2.ind [80] [81] [82

]

LaTeX Font Warning: Font shape `T1/zi4/m/it' undefined
(Font)              using `T1/zi4/m/n' instead on input line 150.

LaTeX Font Info:    Font shape `T1/zi4/m/it' will be
(Font)              scaled to size 10.0pt on input line 152.
[83] [84] [85])
Package atveryend Info: Empty hook `BeforeClearDocument' on input line 4247.
Package atveryend Info: Empty hook `AfterLastShipout' on input line 4247.
 (Rd2.aux)
Package atveryend Info: Executing hook `AtVeryEndDocument' on input line 4247.
Package atveryend Info: Executing hook `AtEndAfterFileList' on input line 4247.

Package rerunfilecheck Info: File `Rd2.out' has not changed.
(rerunfilecheck)             Checksum: D19966CEF952F894FC4E639F021EF628;3132.


LaTeX Font Warning: Some font shapes were not available, defaults substituted.

Package atveryend Info: Empty hook `AtVeryVeryEnd' on input line 4247.
 ) 
Here is how much of TeX's memory you used:
 6795 strings out of 480790
 99952 string characters out of 2907051
 357478 words of memory out of 3000000
 21961 multiletter control sequences out of 15000+200000
 570369 words of font info for 62 fonts, out of 3000000 for 9000
 1141 hyphenation exceptions out of 8191
 47i,6n,40p,943b,602s stack positions out of 5000i,500n,10000p,200000b,50000s
pdfTeX warning (dest): name{Rfn.vector} has been referenced but does not exis
t, replaced by a fixed one

pdfTeX warning (dest): name{Rfn.princomp} has been referenced but does not exis
t, replaced by a fixed one

pdfTeX warning (dest): name{Rfn.par} has been referenced but does not exist, re
placed by a fixed one

pdfTeX warning (dest): name{Rfn.dist} has been referenced but does not exist, r
eplaced by a fixed one

pdfTeX warning (dest): name{Rfn.lm} has been referenced but does not exist, rep
laced by a fixed one

pdfTeX warning (dest): name{Rfn.glm} has been referenced but does not exist, re
placed by a fixed one

pdfTeX warning (dest): name{Rfn.list} has been referenced but does not exist, r
eplaced by a fixed one

pdfTeX warning (dest): name{Rfn.POSIXlt} has been referenced but does not exist
, replaced by a fixed one

pdfTeX warning (dest): name{Rfn.formula} has been referenced but does not exist
, replaced by a fixed one

{d:/Program Files/MiKTeX/fonts/enc/dvips/inconsolata/i4-ts1.enc}{d:/Program Fil
es/MiKTeX/fonts/enc/dvips/base/8r.enc}{d:/Program Files/MiKTeX/fonts/enc/dvips/
inconsolata/i4-t1-0.enc}<d:/Program Files/MiKTeX/fonts/type1/public/inconsolata
/Inconsolata-zi4r.pfb><d:/Program Files/MiKTeX/fonts/type1/public/amsfonts/cm/c
msy10.pfb><d:/Program Files/MiKTeX/fonts/type1/urw/helvetic/uhvr8a.pfb><d:/Prog
ram Files/MiKTeX/fonts/type1/urw/times/utmb8a.pfb><d:/Program Files/MiKTeX/font
s/type1/urw/times/utmr8a.pfb><d:/Program Files/MiKTeX/fonts/type1/urw/times/utm
r8a.pfb><d:/Program Files/MiKTeX/fonts/type1/urw/times/utmri8a.pfb>
Output written on Rd2.pdf (85 pages, 493395 bytes).
PDF statistics:
 1916 PDF objects out of 2073 (max. 8388607)
 698 named destinations out of 1000 (max. 500000)
 457 words of extra memory for PDF output out of 10000 (max. 10000000)

